# JRE version: OpenJDK Runtime Environment Corretto-11.0.13.8.1 (11.0.13+8) (build 11.0.13+8-LTS)
# Java VM: OpenJDK 64-Bit Server VM Corretto-11.0.13.8.1 (11.0.13+8-LTS, mixed mode, tiered, compressed oops, parallel gc, linux-amd64)
Heap:
 PSYoungGen      total 7168K, used 4209K [0x00000000eab00000, 0x00000000eb600000, 0x0000000100000000)
  eden space 3072K, 43% used [0x00000000eab00000,0x00000000eac4c708,0x00000000eae00000)
  from space 4096K, 70% used [0x00000000eae00000,0x00000000eb0d0000,0x00000000eb200000)
  to   space 3584K, 0% used [0x00000000eb280000,0x00000000eb280000,0x00000000eb600000)
 ParOldGen       total 156672K, used 134208K [0x00000000c0000000, 0x00000000c9900000, 0x00000000eab00000)
  object space 156672K, 85% used [0x00000000c0000000,0x00000000c8310180,0x00000000c9900000)
 Metaspace       used 81827K, capacity 85236K, committed 85632K, reserved 1126400K
  class space    used 7243K, capacity 8415K, committed 8576K, reserved 1048576K
GC Heap History (20 events):
Event: 12561.329 GC heap before
{Heap before GC invocations=3882 (full 154):
 PSYoungGen      total 5632K, used 5606K [0x00000000eab00000, 0x00000000eb300000, 0x0000000100000000)
  eden space 4096K, 100% used [0x00000000eab00000,0x00000000eaf00000,0x00000000eaf00000)
  from space 1536K, 98% used [0x00000000eaf00000,0x00000000eb079be8,0x00000000eb080000)
  to   space 2048K, 0% used [0x00000000eb100000,0x00000000eb100000,0x00000000eb300000)
 ParOldGen       total 148480K, used 142862K [0x00000000c0000000, 0x00000000c9100000, 0x00000000eab00000)
  object space 148480K, 96% used [0x00000000c0000000,0x00000000c8b83ab0,0x00000000c9100000)
 Metaspace       used 81586K, capacity 85054K, committed 85376K, reserved 1126400K
  class space    used 7234K, capacity 8452K, committed 8576K, reserved 1048576K
}
Event: 12561.332 GC heap after
{Heap after GC invocations=3882 (full 154):
 PSYoungGen      total 6656K, used 729K [0x00000000eab00000, 0x00000000eb300000, 0x0000000100000000)
  eden space 4608K, 0% used [0x00000000eab00000,0x00000000eab00000,0x00000000eaf80000)
  from space 2048K, 35% used [0x00000000eb100000,0x00000000eb1b64d0,0x00000000eb300000)
  to   space 1536K, 0% used [0x00000000eaf80000,0x00000000eaf80000,0x00000000eb100000)
 ParOldGen       total 148480K, used 143623K [0x00000000c0000000, 0x00000000c9100000, 0x00000000eab00000)
  object space 148480K, 96% used [0x00000000c0000000,0x00000000c8c41fa0,0x00000000c9100000)
 Metaspace       used 81586K, capacity 85054K, committed 85376K, reserved 1126400K
  class space    used 7234K, capacity 8452K, committed 8576K, reserved 1048576K
}
Event: 12562.360 GC heap before
{Heap before GC invocations=3883 (full 154):
 PSYoungGen      total 6656K, used 5337K [0x00000000eab00000, 0x00000000eb300000, 0x0000000100000000)
  eden space 4608K, 100% used [0x00000000eab00000,0x00000000eaf80000,0x00000000eaf80000)
  from space 2048K, 35% used [0x00000000eb100000,0x00000000eb1b64d0,0x00000000eb300000)
  to   space 1536K, 0% used [0x00000000eaf80000,0x00000000eaf80000,0x00000000eb100000)
 ParOldGen       total 148480K, used 143623K [0x00000000c0000000, 0x00000000c9100000, 0x00000000eab00000)
  object space 148480K, 96% used [0x00000000c0000000,0x00000000c8c41fa0,0x00000000c9100000)
 Metaspace       used 81826K, capacity 85276K, committed 85632K, reserved 1126400K
  class space    used 7259K, capacity 8462K, committed 8576K, reserved 1048576K
}
Event: 12562.365 GC heap after
{Heap after GC invocations=3883 (full 154):
 PSYoungGen      total 6144K, used 1517K [0x00000000eab00000, 0x00000000eb680000, 0x0000000100000000)
  eden space 4608K, 0% used [0x00000000eab00000,0x00000000eab00000,0x00000000eaf80000)
  from space 1536K, 98% used [0x00000000eaf80000,0x00000000eb0fb640,0x00000000eb100000)
  to   space 3584K, 0% used [0x00000000eb300000,0x00000000eb300000,0x00000000eb680000)
 ParOldGen       total 148480K, used 145183K [0x00000000c0000000, 0x00000000c9100000, 0x00000000eab00000)
  object space 148480K, 97% used [0x00000000c0000000,0x00000000c8dc7e80,0x00000000c9100000)
 Metaspace       used 81826K, capacity 85276K, committed 85632K, reserved 1126400K
  class space    used 7259K, capacity 8462K, committed 8576K, reserved 1048576K
}
Event: 12562.376 GC heap before
{Heap before GC invocations=3884 (full 154):
 PSYoungGen      total 6144K, used 6125K [0x00000000eab00000, 0x00000000eb680000, 0x0000000100000000)
  eden space 4608K, 100% used [0x00000000eab00000,0x00000000eaf80000,0x00000000eaf80000)
  from space 1536K, 98% used [0x00000000eaf80000,0x00000000eb0fb640,0x00000000eb100000)
  to   space 3584K, 0% used [0x00000000eb300000,0x00000000eb300000,0x00000000eb680000)
 ParOldGen       total 148480K, used 145183K [0x00000000c0000000, 0x00000000c9100000, 0x00000000eab00000)
  object space 148480K, 97% used [0x00000000c0000000,0x00000000c8dc7e80,0x00000000c9100000)
 Metaspace       used 81826K, capacity 85276K, committed 85632K, reserved 1126400K
  class space    used 7259K, capacity 8462K, committed 8576K, reserved 1048576K
}
Event: 12562.384 GC heap after
{Heap after GC invocations=3884 (full 154):
 PSYoungGen      total 4608K, used 3584K [0x00000000eab00000, 0x00000000ebe80000, 0x0000000100000000)
  eden space 1024K, 0% used [0x00000000eab00000,0x00000000eab00000,0x00000000eac00000)
  from space 3584K, 100% used [0x00000000eb300000,0x00000000eb680000,0x00000000eb680000)
  to   space 7168K, 0% used [0x00000000eac00000,0x00000000eac00000,0x00000000eb300000)
 ParOldGen       total 148480K, used 147709K [0x00000000c0000000, 0x00000000c9100000, 0x00000000eab00000)
  object space 148480K, 99% used [0x00000000c0000000,0x00000000c903f4c0,0x00000000c9100000)
 Metaspace       used 81826K, capacity 85276K, committed 85632K, reserved 1126400K
  class space    used 7259K, capacity 8462K, committed 8576K, reserved 1048576K
}
Event: 12562.384 GC heap before
{Heap before GC invocations=3885 (full 155):
 PSYoungGen      total 4608K, used 3584K [0x00000000eab00000, 0x00000000ebe80000, 0x0000000100000000)
  eden space 1024K, 0% used [0x00000000eab00000,0x00000000eab00000,0x00000000eac00000)
  from space 3584K, 100% used [0x00000000eb300000,0x00000000eb680000,0x00000000eb680000)
  to   space 7168K, 0% used [0x00000000eac00000,0x00000000eac00000,0x00000000eb300000)
 ParOldGen       total 148480K, used 147709K [0x00000000c0000000, 0x00000000c9100000, 0x00000000eab00000)
  object space 148480K, 99% used [0x00000000c0000000,0x00000000c903f4c0,0x00000000c9100000)
 Metaspace       used 81826K, capacity 85276K, committed 85632K, reserved 1126400K
  class space    used 7259K, capacity 8462K, committed 8576K, reserved 1048576K
}
Event: 12562.558 GC heap after
{Heap after GC invocations=3885 (full 155):
 PSYoungGen      total 8192K, used 0K [0x00000000eab00000, 0x00000000eba80000, 0x0000000100000000)
  eden space 1024K, 0% used [0x00000000eab00000,0x00000000eab00000,0x00000000eac00000)
  from space 7168K, 0% used [0x00000000eac00000,0x00000000eac00000,0x00000000eb300000)
  to   space 7168K, 0% used [0x00000000eb380000,0x00000000eb380000,0x00000000eba80000)
 ParOldGen       total 156672K, used 127668K [0x00000000c0000000, 0x00000000c9900000, 0x00000000eab00000)
  object space 156672K, 81% used [0x00000000c0000000,0x00000000c7cad190,0x00000000c9900000)
 Metaspace       used 81764K, capacity 85164K, committed 85632K, reserved 1126400K
  class space    used 7239K, capacity 8412K, committed 8576K, reserved 1048576K
}
Event: 12562.561 GC heap before
{Heap before GC invocations=3886 (full 155):
 PSYoungGen      total 8192K, used 1024K [0x00000000eab00000, 0x00000000eba80000, 0x0000000100000000)
  eden space 1024K, 100% used [0x00000000eab00000,0x00000000eac00000,0x00000000eac00000)
  from space 7168K, 0% used [0x00000000eac00000,0x00000000eac00000,0x00000000eb300000)
  to   space 7168K, 0% used [0x00000000eb380000,0x00000000eb380000,0x00000000eba80000)
 ParOldGen       total 156672K, used 127668K [0x00000000c0000000, 0x00000000c9900000, 0x00000000eab00000)
  object space 156672K, 81% used [0x00000000c0000000,0x00000000c7cad190,0x00000000c9900000)
 Metaspace       used 81764K, capacity 85164K, committed 85632K, reserved 1126400K
  class space    used 7239K, capacity 8412K, committed 8576K, reserved 1048576K
}
Event: 12562.565 GC heap after
{Heap after GC invocations=3886 (full 155):
 PSYoungGen      total 2560K, used 1088K [0x00000000eab00000, 0x00000000eb500000, 0x0000000100000000)
  eden space 1024K, 0% used [0x00000000eab00000,0x00000000eab00000,0x00000000eac00000)
  from space 1536K, 70% used [0x00000000eb380000,0x00000000eb490000,0x00000000eb500000)
  to   space 3072K, 0% used [0x00000000eaf00000,0x00000000eaf00000,0x00000000eb200000)
 ParOldGen       total 156672K, used 127668K [0x00000000c0000000, 0x00000000c9900000, 0x00000000eab00000)
  object space 156672K, 81% used [0x00000000c0000000,0x00000000c7cad190,0x00000000c9900000)
 Metaspace       used 81764K, capacity 85164K, committed 85632K, reserved 1126400K
  class space    used 7239K, capacity 8412K, committed 8576K, reserved 1048576K
}
Event: 12562.568 GC heap before
{Heap before GC invocations=3887 (full 155):
 PSYoungGen      total 2560K, used 2112K [0x00000000eab00000, 0x00000000eb500000, 0x0000000100000000)
  eden space 1024K, 100% used [0x00000000eab00000,0x00000000eac00000,0x00000000eac00000)
  from space 1536K, 70% used [0x00000000eb380000,0x00000000eb490000,0x00000000eb500000)
  to   space 3072K, 0% used [0x00000000eaf00000,0x00000000eaf00000,0x00000000eb200000)
 ParOldGen       total 156672K, used 127668K [0x00000000c0000000, 0x00000000c9900000, 0x00000000eab00000)
  object space 156672K, 81% used [0x00000000c0000000,0x00000000c7cad190,0x00000000c9900000)
 Metaspace       used 81764K, capacity 85164K, committed 85632K, reserved 1126400K
  class space    used 7239K, capacity 8412K, committed 8576K, reserved 1048576K
}
Event: 12562.575 GC heap after
{Heap after GC invocations=3887 (full 155):
 PSYoungGen      total 4608K, used 1120K [0x00000000eab00000, 0x00000000eb400000, 0x0000000100000000)
  eden space 1536K, 0% used [0x00000000eab00000,0x00000000eab00000,0x00000000eac80000)
  from space 3072K, 36% used [0x00000000eaf00000,0x00000000eb018000,0x00000000eb200000)
  to   space 1536K, 0% used [0x00000000eb280000,0x00000000eb280000,0x00000000eb400000)
 ParOldGen       total 156672K, used 128692K [0x00000000c0000000, 0x00000000c9900000, 0x00000000eab00000)
  object space 156672K, 82% used [0x00000000c0000000,0x00000000c7dad190,0x00000000c9900000)
 Metaspace       used 81764K, capacity 85164K, committed 85632K, reserved 1126400K
  class space    used 7239K, capacity 8412K, committed 8576K, reserved 1048576K
}
Event: 12562.585 GC heap before
{Heap before GC invocations=3888 (full 155):
 PSYoungGen      total 4608K, used 2507K [0x00000000eab00000, 0x00000000eb400000, 0x0000000100000000)
  eden space 1536K, 90% used [0x00000000eab00000,0x00000000eac5ae58,0x00000000eac80000)
  from space 3072K, 36% used [0x00000000eaf00000,0x00000000eb018000,0x00000000eb200000)
  to   space 1536K, 0% used [0x00000000eb280000,0x00000000eb280000,0x00000000eb400000)
 ParOldGen       total 156672K, used 128692K [0x00000000c0000000, 0x00000000c9900000, 0x00000000eab00000)
  object space 156672K, 82% used [0x00000000c0000000,0x00000000c7dad190,0x00000000c9900000)
 Metaspace       used 81764K, capacity 85164K, committed 85632K, reserved 1126400K
  class space    used 7239K, capacity 8412K, committed 8576K, reserved 1048576K
}
Event: 12562.588 GC heap after
{Heap after GC invocations=3888 (full 155):
 PSYoungGen      total 3584K, used 1172K [0x00000000eab00000, 0x00000000eb400000, 0x0000000100000000)
  eden space 2048K, 0% used [0x00000000eab00000,0x00000000eab00000,0x00000000ead00000)
  from space 1536K, 76% used [0x00000000eb280000,0x00000000eb3a5000,0x00000000eb400000)
  to   space 1536K, 0% used [0x00000000eb100000,0x00000000eb100000,0x00000000eb280000)
 ParOldGen       total 156672K, used 129716K [0x00000000c0000000, 0x00000000c9900000, 0x00000000eab00000)
  object space 156672K, 82% used [0x00000000c0000000,0x00000000c7ead190,0x00000000c9900000)
 Metaspace       used 81764K, capacity 85164K, committed 85632K, reserved 1126400K
  class space    used 7239K, capacity 8412K, committed 8576K, reserved 1048576K
}
Event: 12562.599 GC heap before
{Heap before GC invocations=3889 (full 155):
 PSYoungGen      total 3584K, used 2943K [0x00000000eab00000, 0x00000000eb400000, 0x0000000100000000)
  eden space 2048K, 86% used [0x00000000eab00000,0x00000000eacbae80,0x00000000ead00000)
  from space 1536K, 76% used [0x00000000eb280000,0x00000000eb3a5000,0x00000000eb400000)
  to   space 1536K, 0% used [0x00000000eb100000,0x00000000eb100000,0x00000000eb280000)
 ParOldGen       total 156672K, used 129716K [0x00000000c0000000, 0x00000000c9900000, 0x00000000eab00000)
  object space 156672K, 82% used [0x00000000c0000000,0x00000000c7ead190,0x00000000c9900000)
 Metaspace       used 81764K, capacity 85164K, committed 85632K, reserved 1126400K
  class space    used 7239K, capacity 8412K, committed 8576K, reserved 1048576K
}
Event: 12562.603 GC heap after
{Heap after GC invocations=3889 (full 155):
 PSYoungGen      total 4096K, used 1520K [0x00000000eab00000, 0x00000000eb380000, 0x0000000100000000)
  eden space 2560K, 0% used [0x00000000eab00000,0x00000000eab00000,0x00000000ead80000)
  from space 1536K, 98% used [0x00000000eb100000,0x00000000eb27c000,0x00000000eb280000)
  to   space 1024K, 0% used [0x00000000eb280000,0x00000000eb280000,0x00000000eb380000)
 ParOldGen       total 156672K, used 130724K [0x00000000c0000000, 0x00000000c9900000, 0x00000000eab00000)
  object space 156672K, 83% used [0x00000000c0000000,0x00000000c7fa9190,0x00000000c9900000)
 Metaspace       used 81764K, capacity 85164K, committed 85632K, reserved 1126400K
  class space    used 7239K, capacity 8412K, committed 8576K, reserved 1048576K
}
Event: 12562.645 GC heap before
{Heap before GC invocations=3890 (full 155):
 PSYoungGen      total 4096K, used 4080K [0x00000000eab00000, 0x00000000eb380000, 0x0000000100000000)
  eden space 2560K, 100% used [0x00000000eab00000,0x00000000ead80000,0x00000000ead80000)
  from space 1536K, 98% used [0x00000000eb100000,0x00000000eb27c000,0x00000000eb280000)
  to   space 1024K, 0% used [0x00000000eb280000,0x00000000eb280000,0x00000000eb380000)
 ParOldGen       total 156672K, used 130724K [0x00000000c0000000, 0x00000000c9900000, 0x00000000eab00000)
  object space 156672K, 83% used [0x00000000c0000000,0x00000000c7fa9190,0x00000000c9900000)
 Metaspace       used 81764K, capacity 85164K, committed 85632K, reserved 1126400K
  class space    used 7239K, capacity 8412K, committed 8576K, reserved 1048576K
}
Event: 12562.654 GC heap after
{Heap after GC invocations=3890 (full 155):
 PSYoungGen      total 4096K, used 1017K [0x00000000eab00000, 0x00000000eb600000, 0x0000000100000000)
  eden space 3072K, 0% used [0x00000000eab00000,0x00000000eab00000,0x00000000eae00000)
  from space 1024K, 99% used [0x00000000eb280000,0x00000000eb37e7f8,0x00000000eb380000)
  to   space 4096K, 0% used [0x00000000eae00000,0x00000000eae00000,0x00000000eb200000)
 ParOldGen       total 156672K, used 133182K [0x00000000c0000000, 0x00000000c9900000, 0x00000000eab00000)
  object space 156672K, 85% used [0x00000000c0000000,0x00000000c820f988,0x00000000c9900000)
 Metaspace       used 81764K, capacity 85164K, committed 85632K, reserved 1126400K
  class space    used 7239K, capacity 8412K, committed 8576K, reserved 1048576K
}
Event: 12562.665 GC heap before
{Heap before GC invocations=3891 (full 155):
 PSYoungGen      total 4096K, used 4089K [0x00000000eab00000, 0x00000000eb600000, 0x0000000100000000)
  eden space 3072K, 100% used [0x00000000eab00000,0x00000000eae00000,0x00000000eae00000)
  from space 1024K, 99% used [0x00000000eb280000,0x00000000eb37e7f8,0x00000000eb380000)
  to   space 4096K, 0% used [0x00000000eae00000,0x00000000eae00000,0x00000000eb200000)
 ParOldGen       total 156672K, used 133182K [0x00000000c0000000, 0x00000000c9900000, 0x00000000eab00000)
  object space 156672K, 85% used [0x00000000c0000000,0x00000000c820f988,0x00000000c9900000)
 Metaspace       used 81764K, capacity 85164K, committed 85632K, reserved 1126400K
  class space    used 7239K, capacity 8412K, committed 8576K, reserved 1048576K
}
Event: 12562.670 GC heap after
{Heap after GC invocations=3891 (full 155):
 PSYoungGen      total 7168K, used 2880K [0x00000000eab00000, 0x00000000eb600000, 0x0000000100000000)
  eden space 3072K, 0% used [0x00000000eab00000,0x00000000eab00000,0x00000000eae00000)
  from space 4096K, 70% used [0x00000000eae00000,0x00000000eb0d0000,0x00000000eb200000)
  to   space 3584K, 0% used [0x00000000eb280000,0x00000000eb280000,0x00000000eb600000)
 ParOldGen       total 156672K, used 134208K [0x00000000c0000000, 0x00000000c9900000, 0x00000000eab00000)
  object space 156672K, 85% used [0x00000000c0000000,0x00000000c8310180,0x00000000c9900000)
 Metaspace       used 81764K, capacity 85164K, committed 85632K, reserved 1126400K
  class space    used 7239K, capacity 8412K, committed 8576K, reserved 1048576K
}

